# JRE version: OpenJDK Runtime Environment Temurin-21.0.7+6 (21.0.7+6) (build 21.0.7+6-LTS)
# Java VM: OpenJDK 64-Bit Server VM Temurin-21.0.7+6 (21.0.7+6-LTS, mixed mode, sharing, tiered, compressed oops, compressed class ptrs, parallel gc, windows-amd64)
GC Precious Log:
 CardTable entry size: 512
 CPUs: 8 total, 8 available
 Memory: 12010M
 Large Page Support: Disabled
 NUMA Support: Disabled
 Compressed Oops: Enabled (32-bit)
 Alignments: Space 512K, Generation 512K, Heap 2M
 Heap Min Capacity: 100M
 Heap Initial Capacity: 100M
 Heap Max Capacity: 2G
 Pre-touch: Disabled
 Parallel Workers: 8
Heap:
 PSYoungGen      total 23552K, used 6164K [0x00000000d5580000, 0x00000000d7180000, 0x0000000100000000)
  eden space 20480K, 15% used [0x00000000d5580000,0x00000000d5894178,0x00000000d6980000)
  from space 3072K, 98% used [0x00000000d6980000,0x00000000d6c71100,0x00000000d6c80000)
  to   space 4096K, 0% used [0x00000000d6d80000,0x00000000d6d80000,0x00000000d7180000)
 ParOldGen       total 437760K, used 437629K [0x0000000080000000, 0x000000009ab80000, 0x00000000d5580000)
  object space 437760K, 99% used [0x0000000080000000,0x000000009ab5f720,0x000000009ab80000)
 Metaspace       used 67863K, committed 69376K, reserved 1114112K
  class space    used 6839K, committed 7552K, reserved 1048576K
GC Heap History (20 events):
Event: 18.401 GC heap before
{Heap before GC invocations=367 (full 3):
 PSYoungGen      total 25600K, used 25220K [0x00000000d5580000, 0x00000000d7580000, 0x0000000100000000)
  eden space 22016K, 100% used [0x00000000d5580000,0x00000000d6b00000,0x00000000d6b00000)
  from space 3584K, 89% used [0x00000000d6e80000,0x00000000d71a1210,0x00000000d7200000)
  to   space 3584K, 0% used [0x00000000d7200000,0x00000000d7200000,0x00000000d7580000)
 ParOldGen       total 413696K, used 413348K [0x0000000080000000, 0x0000000099400000, 0x00000000d5580000)
  object space 413696K, 99% used [0x0000000080000000,0x00000000993a9240,0x0000000099400000)
 Metaspace       used 67616K, committed 69184K, reserved 1114112K
  class space    used 6831K, committed 7552K, reserved 1048576K
}
Event: 18.409 GC heap after
{Heap after GC invocations=367 (full 3):
 PSYoungGen      total 24576K, used 2148K [0x00000000d5580000, 0x00000000d7480000, 0x0000000100000000)
  eden space 22016K, 0% used [0x00000000d5580000,0x00000000d5580000,0x00000000d6b00000)
  from space 2560K, 83% used [0x00000000d7200000,0x00000000d7419210,0x00000000d7480000)
  to   space 3072K, 0% used [0x00000000d6e80000,0x00000000d6e80000,0x00000000d7180000)
 ParOldGen       total 416768K, used 416407K [0x0000000080000000, 0x0000000099700000, 0x00000000d5580000)
  object space 416768K, 99% used [0x0000000080000000,0x00000000996a5c30,0x0000000099700000)
 Metaspace       used 67616K, committed 69184K, reserved 1114112K
  class space    used 6831K, committed 7552K, reserved 1048576K
}
Event: 18.584 GC heap before
{Heap before GC invocations=368 (full 3):
 PSYoungGen      total 24576K, used 24164K [0x00000000d5580000, 0x00000000d7480000, 0x0000000100000000)
  eden space 22016K, 100% used [0x00000000d5580000,0x00000000d6b00000,0x00000000d6b00000)
  from space 2560K, 83% used [0x00000000d7200000,0x00000000d7419210,0x00000000d7480000)
  to   space 3072K, 0% used [0x00000000d6e80000,0x00000000d6e80000,0x00000000d7180000)
 ParOldGen       total 416768K, used 416407K [0x0000000080000000, 0x0000000099700000, 0x00000000d5580000)
  object space 416768K, 99% used [0x0000000080000000,0x00000000996a5c30,0x0000000099700000)
 Metaspace       used 67710K, committed 69248K, reserved 1114112K
  class space    used 6832K, committed 7552K, reserved 1048576K
}
Event: 18.591 GC heap after
{Heap after GC invocations=368 (full 3):
 PSYoungGen      total 23552K, used 1428K [0x00000000d5580000, 0x00000000d7280000, 0x0000000100000000)
  eden space 22016K, 0% used [0x00000000d5580000,0x00000000d5580000,0x00000000d6b00000)
  from space 1536K, 93% used [0x00000000d6e80000,0x00000000d6fe5200,0x00000000d7000000)
  to   space 2048K, 0% used [0x00000000d7080000,0x00000000d7080000,0x00000000d7280000)
 ParOldGen       total 418816K, used 418471K [0x0000000080000000, 0x0000000099900000, 0x00000000d5580000)
  object space 418816K, 99% used [0x0000000080000000,0x00000000998a9e70,0x0000000099900000)
 Metaspace       used 67710K, committed 69248K, reserved 1114112K
  class space    used 6832K, committed 7552K, reserved 1048576K
}
Event: 18.791 GC heap before
{Heap before GC invocations=369 (full 3):
 PSYoungGen      total 23552K, used 23444K [0x00000000d5580000, 0x00000000d7280000, 0x0000000100000000)
  eden space 22016K, 100% used [0x00000000d5580000,0x00000000d6b00000,0x00000000d6b00000)
  from space 1536K, 93% used [0x00000000d6e80000,0x00000000d6fe5200,0x00000000d7000000)
  to   space 2048K, 0% used [0x00000000d7080000,0x00000000d7080000,0x00000000d7280000)
 ParOldGen       total 418816K, used 418471K [0x0000000080000000, 0x0000000099900000, 0x00000000d5580000)
  object space 418816K, 99% used [0x0000000080000000,0x00000000998a9e70,0x0000000099900000)
 Metaspace       used 67810K, committed 69312K, reserved 1114112K
  class space    used 6836K, committed 7552K, reserved 1048576K
}
Event: 18.795 GC heap after
{Heap after GC invocations=369 (full 3):
 PSYoungGen      total 24064K, used 1604K [0x00000000d5580000, 0x00000000d7280000, 0x0000000100000000)
  eden space 22016K, 0% used [0x00000000d5580000,0x00000000d5580000,0x00000000d6b00000)
  from space 2048K, 78% used [0x00000000d7080000,0x00000000d7211210,0x00000000d7280000)
  to   space 2048K, 0% used [0x00000000d6e80000,0x00000000d6e80000,0x00000000d7080000)
 ParOldGen       total 419840K, used 419702K [0x0000000080000000, 0x0000000099a00000, 0x00000000d5580000)
  object space 419840K, 99% used [0x0000000080000000,0x00000000999dd868,0x0000000099a00000)
 Metaspace       used 67810K, committed 69312K, reserved 1114112K
  class space    used 6836K, committed 7552K, reserved 1048576K
}
Event: 19.028 GC heap before
{Heap before GC invocations=370 (full 3):
 PSYoungGen      total 24064K, used 23620K [0x00000000d5580000, 0x00000000d7280000, 0x0000000100000000)
  eden space 22016K, 100% used [0x00000000d5580000,0x00000000d6b00000,0x00000000d6b00000)
  from space 2048K, 78% used [0x00000000d7080000,0x00000000d7211210,0x00000000d7280000)
  to   space 2048K, 0% used [0x00000000d6e80000,0x00000000d6e80000,0x00000000d7080000)
 ParOldGen       total 419840K, used 419702K [0x0000000080000000, 0x0000000099a00000, 0x00000000d5580000)
  object space 419840K, 99% used [0x0000000080000000,0x00000000999dd868,0x0000000099a00000)
 Metaspace       used 67859K, committed 69376K, reserved 1114112K
  class space    used 6839K, committed 7552K, reserved 1048576K
}
Event: 19.036 GC heap after
{Heap after GC invocations=370 (full 3):
 PSYoungGen      total 24064K, used 2022K [0x00000000d5580000, 0x00000000d7800000, 0x0000000100000000)
  eden space 22016K, 0% used [0x00000000d5580000,0x00000000d5580000,0x00000000d6b00000)
  from space 2048K, 98% used [0x00000000d6e80000,0x00000000d70799c0,0x00000000d7080000)
  to   space 6656K, 0% used [0x00000000d7180000,0x00000000d7180000,0x00000000d7800000)
 ParOldGen       total 423424K, used 423245K [0x0000000080000000, 0x0000000099d80000, 0x00000000d5580000)
  object space 423424K, 99% used [0x0000000080000000,0x0000000099d53688,0x0000000099d80000)
 Metaspace       used 67859K, committed 69376K, reserved 1114112K
  class space    used 6839K, committed 7552K, reserved 1048576K
}
Event: 19.153 GC heap before
{Heap before GC invocations=371 (full 3):
 PSYoungGen      total 24064K, used 24038K [0x00000000d5580000, 0x00000000d7800000, 0x0000000100000000)
  eden space 22016K, 100% used [0x00000000d5580000,0x00000000d6b00000,0x00000000d6b00000)
  from space 2048K, 98% used [0x00000000d6e80000,0x00000000d70799c0,0x00000000d7080000)
  to   space 6656K, 0% used [0x00000000d7180000,0x00000000d7180000,0x00000000d7800000)
 ParOldGen       total 423424K, used 423245K [0x0000000080000000, 0x0000000099d80000, 0x00000000d5580000)
  object space 423424K, 99% used [0x0000000080000000,0x0000000099d53688,0x0000000099d80000)
 Metaspace       used 67860K, committed 69376K, reserved 1114112K
  class space    used 6839K, committed 7552K, reserved 1048576K
}
Event: 19.159 GC heap after
{Heap after GC invocations=371 (full 3):
 PSYoungGen      total 25088K, used 2892K [0x00000000d5580000, 0x00000000d7480000, 0x0000000100000000)
  eden space 22016K, 0% used [0x00000000d5580000,0x00000000d5580000,0x00000000d6b00000)
  from space 3072K, 94% used [0x00000000d7180000,0x00000000d7453008,0x00000000d7480000)
  to   space 4096K, 0% used [0x00000000d6c80000,0x00000000d6c80000,0x00000000d7080000)
 ParOldGen       total 425472K, used 425204K [0x0000000080000000, 0x0000000099f80000, 0x00000000d5580000)
  object space 425472K, 99% used [0x0000000080000000,0x0000000099f3d3a0,0x0000000099f80000)
 Metaspace       used 67860K, committed 69376K, reserved 1114112K
  class space    used 6839K, committed 7552K, reserved 1048576K
}
Event: 19.276 GC heap before
{Heap before GC invocations=372 (full 3):
 PSYoungGen      total 25088K, used 24908K [0x00000000d5580000, 0x00000000d7480000, 0x0000000100000000)
  eden space 22016K, 100% used [0x00000000d5580000,0x00000000d6b00000,0x00000000d6b00000)
  from space 3072K, 94% used [0x00000000d7180000,0x00000000d7453008,0x00000000d7480000)
  to   space 4096K, 0% used [0x00000000d6c80000,0x00000000d6c80000,0x00000000d7080000)
 ParOldGen       total 425472K, used 425204K [0x0000000080000000, 0x0000000099f80000, 0x00000000d5580000)
  object space 425472K, 99% used [0x0000000080000000,0x0000000099f3d3a0,0x0000000099f80000)
 Metaspace       used 67860K, committed 69376K, reserved 1114112K
  class space    used 6839K, committed 7552K, reserved 1048576K
}
Event: 19.282 GC heap after
{Heap after GC invocations=372 (full 3):
 PSYoungGen      total 25088K, used 2936K [0x00000000d5580000, 0x00000000d7200000, 0x0000000100000000)
  eden space 22016K, 0% used [0x00000000d5580000,0x00000000d5580000,0x00000000d6b00000)
  from space 3072K, 95% used [0x00000000d6c80000,0x00000000d6f5e008,0x00000000d6f80000)
  to   space 2560K, 0% used [0x00000000d6f80000,0x00000000d6f80000,0x00000000d7200000)
 ParOldGen       total 428032K, used 427636K [0x0000000080000000, 0x000000009a200000, 0x00000000d5580000)
  object space 428032K, 99% used [0x0000000080000000,0x000000009a19d3a0,0x000000009a200000)
 Metaspace       used 67860K, committed 69376K, reserved 1114112K
  class space    used 6839K, committed 7552K, reserved 1048576K
}
Event: 19.469 GC heap before
{Heap before GC invocations=373 (full 3):
 PSYoungGen      total 25088K, used 24952K [0x00000000d5580000, 0x00000000d7200000, 0x0000000100000000)
  eden space 22016K, 100% used [0x00000000d5580000,0x00000000d6b00000,0x00000000d6b00000)
  from space 3072K, 95% used [0x00000000d6c80000,0x00000000d6f5e008,0x00000000d6f80000)
  to   space 2560K, 0% used [0x00000000d6f80000,0x00000000d6f80000,0x00000000d7200000)
 ParOldGen       total 428032K, used 427636K [0x0000000080000000, 0x000000009a200000, 0x00000000d5580000)
  object space 428032K, 99% used [0x0000000080000000,0x000000009a19d3a0,0x000000009a200000)
 Metaspace       used 67862K, committed 69376K, reserved 1114112K
  class space    used 6839K, committed 7552K, reserved 1048576K
}
Event: 19.473 GC heap after
{Heap after GC invocations=373 (full 3):
 PSYoungGen      total 24576K, used 2478K [0x00000000d5580000, 0x00000000d7200000, 0x0000000100000000)
  eden space 22016K, 0% used [0x00000000d5580000,0x00000000d5580000,0x00000000d6b00000)
  from space 2560K, 96% used [0x00000000d6f80000,0x00000000d71eb9f8,0x00000000d7200000)
  to   space 3072K, 0% used [0x00000000d6c00000,0x00000000d6c00000,0x00000000d6f00000)
 ParOldGen       total 430592K, used 430324K [0x0000000080000000, 0x000000009a480000, 0x00000000d5580000)
  object space 430592K, 99% used [0x0000000080000000,0x000000009a43d3a8,0x000000009a480000)
 Metaspace       used 67862K, committed 69376K, reserved 1114112K
  class space    used 6839K, committed 7552K, reserved 1048576K
}
Event: 19.578 GC heap before
{Heap before GC invocations=374 (full 3):
 PSYoungGen      total 24576K, used 24494K [0x00000000d5580000, 0x00000000d7200000, 0x0000000100000000)
  eden space 22016K, 100% used [0x00000000d5580000,0x00000000d6b00000,0x00000000d6b00000)
  from space 2560K, 96% used [0x00000000d6f80000,0x00000000d71eb9f8,0x00000000d7200000)
  to   space 3072K, 0% used [0x00000000d6c00000,0x00000000d6c00000,0x00000000d6f00000)
 ParOldGen       total 430592K, used 430324K [0x0000000080000000, 0x000000009a480000, 0x00000000d5580000)
  object space 430592K, 99% used [0x0000000080000000,0x000000009a43d3a8,0x000000009a480000)
 Metaspace       used 67863K, committed 69376K, reserved 1114112K
  class space    used 6839K, committed 7552K, reserved 1048576K
}
Event: 19.584 GC heap after
{Heap after GC invocations=374 (full 3):
 PSYoungGen      total 25088K, used 2828K [0x00000000d5580000, 0x00000000d7100000, 0x0000000100000000)
  eden space 22016K, 0% used [0x00000000d5580000,0x00000000d5580000,0x00000000d6b00000)
  from space 3072K, 92% used [0x00000000d6c00000,0x00000000d6ec3008,0x00000000d6f00000)
  to   space 2048K, 0% used [0x00000000d6f00000,0x00000000d6f00000,0x00000000d7100000)
 ParOldGen       total 432640K, used 432528K [0x0000000080000000, 0x000000009a680000, 0x00000000d5580000)
  object space 432640K, 99% used [0x0000000080000000,0x000000009a664108,0x000000009a680000)
 Metaspace       used 67863K, committed 69376K, reserved 1114112K
  class space    used 6839K, committed 7552K, reserved 1048576K
}
Event: 19.718 GC heap before
{Heap before GC invocations=375 (full 3):
 PSYoungGen      total 25088K, used 24844K [0x00000000d5580000, 0x00000000d7100000, 0x0000000100000000)
  eden space 22016K, 100% used [0x00000000d5580000,0x00000000d6b00000,0x00000000d6b00000)
  from space 3072K, 92% used [0x00000000d6c00000,0x00000000d6ec3008,0x00000000d6f00000)
  to   space 2048K, 0% used [0x00000000d6f00000,0x00000000d6f00000,0x00000000d7100000)
 ParOldGen       total 432640K, used 432528K [0x0000000080000000, 0x000000009a680000, 0x00000000d5580000)
  object space 432640K, 99% used [0x0000000080000000,0x000000009a664108,0x000000009a680000)
 Metaspace       used 67863K, committed 69376K, reserved 1114112K
  class space    used 6839K, committed 7552K, reserved 1048576K
}
Event: 19.723 GC heap after
{Heap after GC invocations=375 (full 3):
 PSYoungGen      total 22528K, used 2040K [0x00000000d5580000, 0x00000000d7600000, 0x0000000100000000)
  eden space 20480K, 0% used [0x00000000d5580000,0x00000000d5580000,0x00000000d6980000)
  from space 2048K, 99% used [0x00000000d6f00000,0x00000000d70fe008,0x00000000d7100000)
  to   space 5632K, 0% used [0x00000000d6980000,0x00000000d6980000,0x00000000d6f00000)
 ParOldGen       total 435712K, used 435637K [0x0000000080000000, 0x000000009a980000, 0x00000000d5580000)
  object space 435712K, 99% used [0x0000000080000000,0x000000009a96d718,0x000000009a980000)
 Metaspace       used 67863K, committed 69376K, reserved 1114112K
  class space    used 6839K, committed 7552K, reserved 1048576K
}
Event: 19.826 GC heap before
{Heap before GC invocations=376 (full 3):
 PSYoungGen      total 22528K, used 22520K [0x00000000d5580000, 0x00000000d7600000, 0x0000000100000000)
  eden space 20480K, 100% used [0x00000000d5580000,0x00000000d6980000,0x00000000d6980000)
  from space 2048K, 99% used [0x00000000d6f00000,0x00000000d70fe008,0x00000000d7100000)
  to   space 5632K, 0% used [0x00000000d6980000,0x00000000d6980000,0x00000000d6f00000)
 ParOldGen       total 435712K, used 435637K [0x0000000080000000, 0x000000009a980000, 0x00000000d5580000)
  object space 435712K, 99% used [0x0000000080000000,0x000000009a96d718,0x000000009a980000)
 Metaspace       used 67863K, committed 69376K, reserved 1114112K
  class space    used 6839K, committed 7552K, reserved 1048576K
}
Event: 19.831 GC heap after
{Heap after GC invocations=376 (full 3):
 PSYoungGen      total 23552K, used 3012K [0x00000000d5580000, 0x00000000d7180000, 0x0000000100000000)
  eden space 20480K, 0% used [0x00000000d5580000,0x00000000d5580000,0x00000000d6980000)
  from space 3072K, 98% used [0x00000000d6980000,0x00000000d6c71100,0x00000000d6c80000)
  to   space 4096K, 0% used [0x00000000d6d80000,0x00000000d6d80000,0x00000000d7180000)
 ParOldGen       total 437760K, used 437629K [0x0000000080000000, 0x000000009ab80000, 0x00000000d5580000)
  object space 437760K, 99% used [0x0000000080000000,0x000000009ab5f720,0x000000009ab80000)
 Metaspace       used 67863K, committed 69376K, reserved 1114112K
  class space    used 6839K, committed 7552K, reserved 1048576K
}

