# JRE version: OpenJDK Runtime Environment Temurin-21.0.7+6 (21.0.7+6) (build 21.0.7+6-LTS)
# Java VM: OpenJDK 64-Bit Server VM Temurin-21.0.7+6 (21.0.7+6-LTS, mixed mode, sharing, tiered, compressed oops, compressed class ptrs, parallel gc, windows-amd64)
GC Precious Log:
 CardTable entry size: 512
 CPUs: 8 total, 8 available
 Memory: 12010M
 Large Page Support: Disabled
 NUMA Support: Disabled
 Compressed Oops: Enabled (32-bit)
 Alignments: Space 512K, Generation 512K, Heap 2M
 Heap Min Capacity: 100M
 Heap Initial Capacity: 100M
 Heap Max Capacity: 2G
 Pre-touch: Disabled
 Parallel Workers: 8
Heap:
 PSYoungGen      total 4608K, used 4544K [0x00000000d5580000, 0x00000000d5c00000, 0x0000000100000000)
  eden space 2560K, 100% used [0x00000000d5580000,0x00000000d5800000,0x00000000d5800000)
  from space 2048K, 96% used [0x00000000d5a00000,0x00000000d5bf0000,0x00000000d5c00000)
  to   space 2048K, 100% used [0x00000000d5800000,0x00000000d5a00000,0x00000000d5a00000)
 ParOldGen       total 504320K, used 504201K [0x0000000080000000, 0x000000009ec80000, 0x00000000d5580000)
  object space 504320K, 99% used [0x0000000080000000,0x000000009ec624e0,0x000000009ec80000)
 Metaspace       used 68723K, committed 70272K, reserved 1114112K
  class space    used 6904K, committed 7616K, reserved 1048576K
GC Heap History (20 events):
Event: 51.594 GC heap before
{Heap before GC invocations=1139 (full 4):
 PSYoungGen      total 3584K, used 3328K [0x00000000d5580000, 0x00000000d5a80000, 0x0000000100000000)
  eden space 2560K, 99% used [0x00000000d5580000,0x00000000d57ffff8,0x00000000d5800000)
  from space 1024K, 75% used [0x00000000d5980000,0x00000000d5a40020,0x00000000d5a80000)
  to   space 1024K, 0% used [0x00000000d5880000,0x00000000d5880000,0x00000000d5980000)
 ParOldGen       total 440320K, used 440075K [0x0000000080000000, 0x000000009ae00000, 0x00000000d5580000)
  object space 440320K, 99% used [0x0000000080000000,0x000000009adc2e10,0x000000009ae00000)
 Metaspace       used 68375K, committed 69888K, reserved 1114112K
  class space    used 6870K, committed 7552K, reserved 1048576K
}
Event: 51.595 GC heap after
{Heap after GC invocations=1139 (full 4):
 PSYoungGen      total 4096K, used 423K [0x00000000d5580000, 0x00000000d5a80000, 0x0000000100000000)
  eden space 3072K, 0% used [0x00000000d5580000,0x00000000d5580000,0x00000000d5880000)
  from space 1024K, 41% used [0x00000000d5880000,0x00000000d58e9c28,0x00000000d5980000)
  to   space 1024K, 0% used [0x00000000d5980000,0x00000000d5980000,0x00000000d5a80000)
 ParOldGen       total 440832K, used 440762K [0x0000000080000000, 0x000000009ae80000, 0x00000000d5580000)
  object space 440832K, 99% used [0x0000000080000000,0x000000009ae6e8f0,0x000000009ae80000)
 Metaspace       used 68375K, committed 69888K, reserved 1114112K
  class space    used 6870K, committed 7552K, reserved 1048576K
}
Event: 51.607 GC heap before
{Heap before GC invocations=1140 (full 4):
 PSYoungGen      total 4096K, used 3005K [0x00000000d5580000, 0x00000000d5a80000, 0x0000000100000000)
  eden space 3072K, 84% used [0x00000000d5580000,0x00000000d5805940,0x00000000d5880000)
  from space 1024K, 41% used [0x00000000d5880000,0x00000000d58e9c28,0x00000000d5980000)
  to   space 1024K, 0% used [0x00000000d5980000,0x00000000d5980000,0x00000000d5a80000)
 ParOldGen       total 440832K, used 440762K [0x0000000080000000, 0x000000009ae80000, 0x00000000d5580000)
  object space 440832K, 99% used [0x0000000080000000,0x000000009ae6e8f0,0x000000009ae80000)
 Metaspace       used 68407K, committed 69952K, reserved 1114112K
  class space    used 6874K, committed 7552K, reserved 1048576K
}
Event: 51.608 GC heap after
{Heap after GC invocations=1140 (full 4):
 PSYoungGen      total 4608K, used 192K [0x00000000d5580000, 0x00000000d5a80000, 0x0000000100000000)
  eden space 3584K, 0% used [0x00000000d5580000,0x00000000d5580000,0x00000000d5900000)
  from space 1024K, 18% used [0x00000000d5980000,0x00000000d59b0000,0x00000000d5a80000)
  to   space 512K, 0% used [0x00000000d5900000,0x00000000d5900000,0x00000000d5980000)
 ParOldGen       total 440832K, used 440818K [0x0000000080000000, 0x000000009ae80000, 0x00000000d5580000)
  object space 440832K, 99% used [0x0000000080000000,0x000000009ae7c8f0,0x000000009ae80000)
 Metaspace       used 68407K, committed 69952K, reserved 1114112K
  class space    used 6874K, committed 7552K, reserved 1048576K
}
Event: 51.622 GC heap before
{Heap before GC invocations=1141 (full 4):
 PSYoungGen      total 4608K, used 3776K [0x00000000d5580000, 0x00000000d5a80000, 0x0000000100000000)
  eden space 3584K, 100% used [0x00000000d5580000,0x00000000d5900000,0x00000000d5900000)
  from space 1024K, 18% used [0x00000000d5980000,0x00000000d59b0000,0x00000000d5a80000)
  to   space 512K, 0% used [0x00000000d5900000,0x00000000d5900000,0x00000000d5980000)
 ParOldGen       total 440832K, used 440818K [0x0000000080000000, 0x000000009ae80000, 0x00000000d5580000)
  object space 440832K, 99% used [0x0000000080000000,0x000000009ae7c910,0x000000009ae80000)
 Metaspace       used 68474K, committed 69952K, reserved 1114112K
  class space    used 6884K, committed 7552K, reserved 1048576K
}
Event: 51.624 GC heap after
{Heap after GC invocations=1141 (full 4):
 PSYoungGen      total 4096K, used 481K [0x00000000d5580000, 0x00000000d5b80000, 0x0000000100000000)
  eden space 3584K, 0% used [0x00000000d5580000,0x00000000d5580000,0x00000000d5900000)
  from space 512K, 94% used [0x00000000d5900000,0x00000000d5978738,0x00000000d5980000)
  to   space 1024K, 0% used [0x00000000d5a80000,0x00000000d5a80000,0x00000000d5b80000)
 ParOldGen       total 441344K, used 440914K [0x0000000080000000, 0x000000009af00000, 0x00000000d5580000)
  object space 441344K, 99% used [0x0000000080000000,0x000000009ae94910,0x000000009af00000)
 Metaspace       used 68474K, committed 69952K, reserved 1114112K
  class space    used 6884K, committed 7552K, reserved 1048576K
}
Event: 51.662 GC heap before
{Heap before GC invocations=1142 (full 4):
 PSYoungGen      total 4096K, used 4065K [0x00000000d5580000, 0x00000000d5b80000, 0x0000000100000000)
  eden space 3584K, 100% used [0x00000000d5580000,0x00000000d5900000,0x00000000d5900000)
  from space 512K, 94% used [0x00000000d5900000,0x00000000d5978738,0x00000000d5980000)
  to   space 1024K, 0% used [0x00000000d5a80000,0x00000000d5a80000,0x00000000d5b80000)
 ParOldGen       total 441344K, used 440917K [0x0000000080000000, 0x000000009af00000, 0x00000000d5580000)
  object space 441344K, 99% used [0x0000000080000000,0x000000009ae95510,0x000000009af00000)
 Metaspace       used 68683K, committed 70272K, reserved 1114112K
  class space    used 6902K, committed 7616K, reserved 1048576K
}
Event: 51.664 GC heap after
{Heap after GC invocations=1142 (full 4):
 PSYoungGen      total 4096K, used 224K [0x00000000d5580000, 0x00000000d5b00000, 0x0000000100000000)
  eden space 3584K, 0% used [0x00000000d5580000,0x00000000d5580000,0x00000000d5900000)
  from space 512K, 43% used [0x00000000d5a80000,0x00000000d5ab8000,0x00000000d5b00000)
  to   space 512K, 0% used [0x00000000d5900000,0x00000000d5900000,0x00000000d5980000)
 ParOldGen       total 442880K, used 442491K [0x0000000080000000, 0x000000009b080000, 0x00000000d5580000)
  object space 442880K, 99% used [0x0000000080000000,0x000000009b01eca0,0x000000009b080000)
 Metaspace       used 68683K, committed 70272K, reserved 1114112K
  class space    used 6902K, committed 7616K, reserved 1048576K
}
Event: 51.732 GC heap before
{Heap before GC invocations=1143 (full 4):
 PSYoungGen      total 4096K, used 3808K [0x00000000d5580000, 0x00000000d5b00000, 0x0000000100000000)
  eden space 3584K, 100% used [0x00000000d5580000,0x00000000d5900000,0x00000000d5900000)
  from space 512K, 43% used [0x00000000d5a80000,0x00000000d5ab8000,0x00000000d5b00000)
  to   space 512K, 0% used [0x00000000d5900000,0x00000000d5900000,0x00000000d5980000)
 ParOldGen       total 456704K, used 455896K [0x0000000080000000, 0x000000009be00000, 0x00000000d5580000)
  object space 456704K, 99% used [0x0000000080000000,0x000000009bd361c0,0x000000009be00000)
 Metaspace       used 68692K, committed 70272K, reserved 1114112K
  class space    used 6903K, committed 7616K, reserved 1048576K
}
Event: 51.735 GC heap after
{Heap after GC invocations=1143 (full 4):
 PSYoungGen      total 4096K, used 160K [0x00000000d5580000, 0x00000000d5b00000, 0x0000000100000000)
  eden space 3584K, 0% used [0x00000000d5580000,0x00000000d5580000,0x00000000d5900000)
  from space 512K, 31% used [0x00000000d5900000,0x00000000d5928000,0x00000000d5980000)
  to   space 512K, 0% used [0x00000000d5a80000,0x00000000d5a80000,0x00000000d5b00000)
 ParOldGen       total 459776K, used 458628K [0x0000000080000000, 0x000000009c100000, 0x00000000d5580000)
  object space 459776K, 99% used [0x0000000080000000,0x000000009bfe10c0,0x000000009c100000)
 Metaspace       used 68692K, committed 70272K, reserved 1114112K
  class space    used 6903K, committed 7616K, reserved 1048576K
}
Event: 51.836 GC heap before
{Heap before GC invocations=1144 (full 4):
 PSYoungGen      total 4096K, used 3744K [0x00000000d5580000, 0x00000000d5b00000, 0x0000000100000000)
  eden space 3584K, 100% used [0x00000000d5580000,0x00000000d5900000,0x00000000d5900000)
  from space 512K, 31% used [0x00000000d5900000,0x00000000d5928000,0x00000000d5980000)
  to   space 512K, 0% used [0x00000000d5a80000,0x00000000d5a80000,0x00000000d5b00000)
 ParOldGen       total 497664K, used 495969K [0x0000000080000000, 0x000000009e600000, 0x00000000d5580000)
  object space 497664K, 99% used [0x0000000080000000,0x000000009e4584e0,0x000000009e600000)
 Metaspace       used 68707K, committed 70272K, reserved 1114112K
  class space    used 6904K, committed 7616K, reserved 1048576K
}
Event: 51.839 GC heap after
{Heap after GC invocations=1144 (full 4):
 PSYoungGen      total 3072K, used 512K [0x00000000d5580000, 0x00000000d5e00000, 0x0000000100000000)
  eden space 2560K, 0% used [0x00000000d5580000,0x00000000d5580000,0x00000000d5800000)
  from space 512K, 100% used [0x00000000d5a80000,0x00000000d5b00000,0x00000000d5b00000)
  to   space 2560K, 0% used [0x00000000d5800000,0x00000000d5800000,0x00000000d5a80000)
 ParOldGen       total 497664K, used 497529K [0x0000000080000000, 0x000000009e600000, 0x00000000d5580000)
  object space 497664K, 99% used [0x0000000080000000,0x000000009e5de4e0,0x000000009e600000)
 Metaspace       used 68707K, committed 70272K, reserved 1114112K
  class space    used 6904K, committed 7616K, reserved 1048576K
}
Event: 51.861 GC heap before
{Heap before GC invocations=1145 (full 4):
 PSYoungGen      total 3072K, used 3072K [0x00000000d5580000, 0x00000000d5e00000, 0x0000000100000000)
  eden space 2560K, 100% used [0x00000000d5580000,0x00000000d5800000,0x00000000d5800000)
  from space 512K, 100% used [0x00000000d5a80000,0x00000000d5b00000,0x00000000d5b00000)
  to   space 2560K, 0% used [0x00000000d5800000,0x00000000d5800000,0x00000000d5a80000)
 ParOldGen       total 497664K, used 497529K [0x0000000080000000, 0x000000009e600000, 0x00000000d5580000)
  object space 497664K, 99% used [0x0000000080000000,0x000000009e5de4e0,0x000000009e600000)
 Metaspace       used 68708K, committed 70272K, reserved 1114112K
  class space    used 6904K, committed 7616K, reserved 1048576K
}
Event: 51.865 GC heap after
{Heap after GC invocations=1145 (full 4):
 PSYoungGen      total 4608K, used 1792K [0x00000000d5580000, 0x00000000d5c00000, 0x0000000100000000)
  eden space 2560K, 0% used [0x00000000d5580000,0x00000000d5580000,0x00000000d5800000)
  from space 2048K, 87% used [0x00000000d5800000,0x00000000d59c0000,0x00000000d5a00000)
  to   space 2048K, 0% used [0x00000000d5a00000,0x00000000d5a00000,0x00000000d5c00000)
 ParOldGen       total 498176K, used 498081K [0x0000000080000000, 0x000000009e680000, 0x00000000d5580000)
  object space 498176K, 99% used [0x0000000080000000,0x000000009e6684e0,0x000000009e680000)
 Metaspace       used 68708K, committed 70272K, reserved 1114112K
  class space    used 6904K, committed 7616K, reserved 1048576K
}
Event: 51.884 GC heap before
{Heap before GC invocations=1146 (full 4):
 PSYoungGen      total 4608K, used 4352K [0x00000000d5580000, 0x00000000d5c00000, 0x0000000100000000)
  eden space 2560K, 100% used [0x00000000d5580000,0x00000000d5800000,0x00000000d5800000)
  from space 2048K, 87% used [0x00000000d5800000,0x00000000d59c0000,0x00000000d5a00000)
  to   space 2048K, 0% used [0x00000000d5a00000,0x00000000d5a00000,0x00000000d5c00000)
 ParOldGen       total 498176K, used 498081K [0x0000000080000000, 0x000000009e680000, 0x00000000d5580000)
  object space 498176K, 99% used [0x0000000080000000,0x000000009e6684e0,0x000000009e680000)
 Metaspace       used 68708K, committed 70272K, reserved 1114112K
  class space    used 6904K, committed 7616K, reserved 1048576K
}
Event: 51.888 GC heap after
{Heap after GC invocations=1146 (full 4):
 PSYoungGen      total 4608K, used 1792K [0x00000000d5580000, 0x00000000d5c00000, 0x0000000100000000)
  eden space 2560K, 0% used [0x00000000d5580000,0x00000000d5580000,0x00000000d5800000)
  from space 2048K, 87% used [0x00000000d5a00000,0x00000000d5bc0000,0x00000000d5c00000)
  to   space 2048K, 0% used [0x00000000d5800000,0x00000000d5800000,0x00000000d5a00000)
 ParOldGen       total 500224K, used 499785K [0x0000000080000000, 0x000000009e880000, 0x00000000d5580000)
  object space 500224K, 99% used [0x0000000080000000,0x000000009e8124e0,0x000000009e880000)
 Metaspace       used 68708K, committed 70272K, reserved 1114112K
  class space    used 6904K, committed 7616K, reserved 1048576K
}
Event: 51.900 GC heap before
{Heap before GC invocations=1147 (full 4):
 PSYoungGen      total 4608K, used 4352K [0x00000000d5580000, 0x00000000d5c00000, 0x0000000100000000)
  eden space 2560K, 100% used [0x00000000d5580000,0x00000000d5800000,0x00000000d5800000)
  from space 2048K, 87% used [0x00000000d5a00000,0x00000000d5bc0000,0x00000000d5c00000)
  to   space 2048K, 0% used [0x00000000d5800000,0x00000000d5800000,0x00000000d5a00000)
 ParOldGen       total 500224K, used 499785K [0x0000000080000000, 0x000000009e880000, 0x00000000d5580000)
  object space 500224K, 99% used [0x0000000080000000,0x000000009e8124e0,0x000000009e880000)
 Metaspace       used 68715K, committed 70272K, reserved 1114112K
  class space    used 6904K, committed 7616K, reserved 1048576K
}
Event: 51.903 GC heap after
{Heap after GC invocations=1147 (full 4):
 PSYoungGen      total 4608K, used 1440K [0x00000000d5580000, 0x00000000d5c00000, 0x0000000100000000)
  eden space 2560K, 0% used [0x00000000d5580000,0x00000000d5580000,0x00000000d5800000)
  from space 2048K, 70% used [0x00000000d5800000,0x00000000d5968000,0x00000000d5a00000)
  to   space 2048K, 0% used [0x00000000d5a00000,0x00000000d5a00000,0x00000000d5c00000)
 ParOldGen       total 501760K, used 501497K [0x0000000080000000, 0x000000009ea00000, 0x00000000d5580000)
  object space 501760K, 99% used [0x0000000080000000,0x000000009e9be4e0,0x000000009ea00000)
 Metaspace       used 68715K, committed 70272K, reserved 1114112K
  class space    used 6904K, committed 7616K, reserved 1048576K
}
Event: 51.915 GC heap before
{Heap before GC invocations=1148 (full 4):
 PSYoungGen      total 4608K, used 4000K [0x00000000d5580000, 0x00000000d5c00000, 0x0000000100000000)
  eden space 2560K, 100% used [0x00000000d5580000,0x00000000d5800000,0x00000000d5800000)
  from space 2048K, 70% used [0x00000000d5800000,0x00000000d5968000,0x00000000d5a00000)
  to   space 2048K, 0% used [0x00000000d5a00000,0x00000000d5a00000,0x00000000d5c00000)
 ParOldGen       total 501760K, used 501497K [0x0000000080000000, 0x000000009ea00000, 0x00000000d5580000)
  object space 501760K, 99% used [0x0000000080000000,0x000000009e9be4e0,0x000000009ea00000)
 Metaspace       used 68723K, committed 70272K, reserved 1114112K
  class space    used 6904K, committed 7616K, reserved 1048576K
}
Event: 51.918 GC heap after
{Heap after GC invocations=1148 (full 4):
 PSYoungGen      total 4608K, used 1984K [0x00000000d5580000, 0x00000000d5c00000, 0x0000000100000000)
  eden space 2560K, 0% used [0x00000000d5580000,0x00000000d5580000,0x00000000d5800000)
  from space 2048K, 96% used [0x00000000d5a00000,0x00000000d5bf0000,0x00000000d5c00000)
  to   space 2048K, 0% used [0x00000000d5800000,0x00000000d5800000,0x00000000d5a00000)
 ParOldGen       total 503296K, used 502849K [0x0000000080000000, 0x000000009eb80000, 0x00000000d5580000)
  object space 503296K, 99% used [0x0000000080000000,0x000000009eb104e0,0x000000009eb80000)
 Metaspace       used 68723K, committed 70272K, reserved 1114112K
  class space    used 6904K, committed 7616K, reserved 1048576K
}

